Unity Editor version:    2021.3.8f1 (b30333d56e81)
Branch:                  2021.3/staging
Build type:              Release
Batch mode:              YES
macOS version:           Version 12.6 (Build 21G115)
Darwin version:          21.6.0
Architecture:            x86_64
Running under Rosetta:   NO
Available memory:        8192 MB
Using pre-set license
Pro License: YES

COMMAND LINE ARGUMENTS:
/Applications/Unity/Hub/Editor/2021.3.8f1/Unity.app/Contents/MacOS/Unity
-adb2
-batchMode
-noUpm
-name
AssetImportWorker0
-projectPath
/Users/unaisahquazi/Documents/GitHub/module3-cardgames-twinklinglittlestars
-logFile
Logs/AssetImportWorker0.log
-srvPort
52984
Successfully changed project path to: /Users/unaisahquazi/Documents/GitHub/module3-cardgames-twinklinglittlestars
/Users/unaisahquazi/Documents/GitHub/module3-cardgames-twinklinglittlestars
[UnityMemory] Configuration Parameters - Can be set up in boot.config
    "memorysetup-bucket-allocator-granularity=16"
    "memorysetup-bucket-allocator-bucket-count=8"
    "memorysetup-bucket-allocator-block-size=33554432"
    "memorysetup-bucket-allocator-block-count=8"
    "memorysetup-main-allocator-block-size=16777216"
    "memorysetup-thread-allocator-block-size=16777216"
    "memorysetup-gfx-main-allocator-block-size=16777216"
    "memorysetup-gfx-thread-allocator-block-size=16777216"
    "memorysetup-cache-allocator-block-size=4194304"
    "memorysetup-typetree-allocator-block-size=2097152"
    "memorysetup-profiler-bucket-allocator-granularity=16"
    "memorysetup-profiler-bucket-allocator-bucket-count=8"
    "memorysetup-profiler-bucket-allocator-block-size=33554432"
    "memorysetup-profiler-bucket-allocator-block-count=8"
    "memorysetup-profiler-allocator-block-size=16777216"
    "memorysetup-profiler-editor-allocator-block-size=1048576"
    "memorysetup-temp-allocator-size-main=16777216"
    "memorysetup-job-temp-allocator-block-size=2097152"
    "memorysetup-job-temp-allocator-block-size-background=1048576"
    "memorysetup-job-temp-allocator-reduction-small-platforms=262144"
    "memorysetup-temp-allocator-size-background-worker=32768"
    "memorysetup-temp-allocator-size-job-worker=262144"
    "memorysetup-temp-allocator-size-preload-manager=33554432"
    "memorysetup-temp-allocator-size-nav-mesh-worker=65536"
    "memorysetup-temp-allocator-size-audio-worker=65536"
    "memorysetup-temp-allocator-size-cloud-worker=32768"
    "memorysetup-temp-allocator-size-gi-baking-worker=262144"
    "memorysetup-temp-allocator-size-gfx=262144"
Refreshing native plugins compatible for Editor in 52.33 ms, found 2 plugins.
Preloading 0 native plugins for Editor in 0.00 ms.
Initialize engine version: 2021.3.8f1 (b30333d56e81)
[Subsystems] Discovering subsystems at path /Applications/Unity/Hub/Editor/2021.3.8f1/Unity.app/Contents/Resources/UnitySubsystems
[Subsystems] Discovering subsystems at path /Users/unaisahquazi/Documents/GitHub/module3-cardgames-twinklinglittlestars/Assets
GfxDevice: creating device client; threaded=0; jobified=0
Color LCD preferred device: Intel(R) Iris(TM) Plus Graphics 640 (low power)
Metal devices available: 1
0: Intel(R) Iris(TM) Plus Graphics 640 (low power)
Using device Intel(R) Iris(TM) Plus Graphics 640 (low power)
Initializing Metal device caps: Intel(R) Iris(TM) Plus Graphics 640
Initialize mono
Mono path[0] = '/Applications/Unity/Hub/Editor/2021.3.8f1/Unity.app/Contents/Managed'
Mono path[1] = '/Applications/Unity/Hub/Editor/2021.3.8f1/Unity.app/Contents/MonoBleedingEdge/lib/mono/unityjit-macos'
Mono config path = '/Applications/Unity/Hub/Editor/2021.3.8f1/Unity.app/Contents/MonoBleedingEdge/etc'
Using monoOptions --debugger-agent=transport=dt_socket,embedding=1,server=y,suspend=n,address=127.0.0.1:56385
Begin MonoManager ReloadAssembly
Registering precompiled unity dll's ...
Register platform support module: /Applications/Unity/Hub/Editor/2021.3.8f1/PlaybackEngines/WebGLSupport/UnityEditor.WebGL.Extensions.dll
Register platform support module: /Applications/Unity/Hub/Editor/2021.3.8f1/Unity.app/Contents/PlaybackEngines/MacStandaloneSupport/UnityEditor.OSXStandalone.Extensions.dll
Registered in 0.003006 seconds.
Native extension for OSXStandalone target not found
Native extension for WebGL target not found
Refreshing native plugins compatible for Editor in 32.57 ms, found 2 plugins.
Preloading 0 native plugins for Editor in 0.00 ms.
Mono: successfully reloaded assembly
- Completed reload, in  0.972 seconds
Domain Reload Profiling:
	ReloadAssembly (973ms)
		BeginReloadAssembly (150ms)
			ExecutionOrderSort (0ms)
			DisableScriptedObjects (0ms)
			BackupInstance (0ms)
			ReleaseScriptingObjects (0ms)
			CreateAndSetChildDomain (1ms)
		EndReloadAssembly (655ms)
			LoadAssemblies (152ms)
			RebuildTransferFunctionScriptingTraits (0ms)
			SetupTypeCache (196ms)
			ReleaseScriptCaches (0ms)
			RebuildScriptCaches (46ms)
			SetupLoadedEditorAssemblies (335ms)
				LogAssemblyErrors (0ms)
				InitializePlatformSupportModulesInManaged (11ms)
				SetLoadedEditorAssemblies (0ms)
				RefreshPlugins (33ms)
				BeforeProcessingInitializeOnLoad (2ms)
				ProcessInitializeOnLoadAttributes (223ms)
				ProcessInitializeOnLoadMethodAttributes (65ms)
				AfterProcessingInitializeOnLoad (0ms)
				EditorAssembliesLoaded (0ms)
			ExecutionOrderSort2 (0ms)
			AwakeInstancesAfterBackupRestoration (0ms)
Platform modules already initialized, skipping
Registering precompiled user dll's ...
Registered in 0.008091 seconds.
Begin MonoManager ReloadAssembly
Native extension for OSXStandalone target not found
Native extension for WebGL target not found
Refreshing native plugins compatible for Editor in 0.41 ms, found 2 plugins.
Preloading 0 native plugins for Editor in 0.00 ms.
Mono: successfully reloaded assembly
- Completed reload, in  1.465 seconds
Domain Reload Profiling:
	ReloadAssembly (1466ms)
		BeginReloadAssembly (148ms)
			ExecutionOrderSort (0ms)
			DisableScriptedObjects (10ms)
			BackupInstance (0ms)
			ReleaseScriptingObjects (0ms)
			CreateAndSetChildDomain (36ms)
		EndReloadAssembly (1131ms)
			LoadAssemblies (113ms)
			RebuildTransferFunctionScriptingTraits (0ms)
			SetupTypeCache (351ms)
			ReleaseScriptCaches (0ms)
			RebuildScriptCaches (145ms)
			SetupLoadedEditorAssemblies (455ms)
				LogAssemblyErrors (0ms)
				InitializePlatformSupportModulesInManaged (7ms)
				SetLoadedEditorAssemblies (1ms)
				RefreshPlugins (0ms)
				BeforeProcessingInitializeOnLoad (60ms)
				ProcessInitializeOnLoadAttributes (341ms)
				ProcessInitializeOnLoadMethodAttributes (44ms)
				AfterProcessingInitializeOnLoad (1ms)
				EditorAssembliesLoaded (0ms)
			ExecutionOrderSort2 (0ms)
			AwakeInstancesAfterBackupRestoration (5ms)
Platform modules already initialized, skipping
========================================================================
Worker process is ready to serve import requests
Launching external process: /Applications/Unity/Hub/Editor/2021.3.8f1/Unity.app/Contents/Tools/UnityShaderCompiler
Launched and connected shader compiler UnityShaderCompiler after 0.09 seconds
Refreshing native plugins compatible for Editor in 0.62 ms, found 2 plugins.
Preloading 0 native plugins for Editor in 0.00 ms.
Unloading 1708 Unused Serialized files (Serialized files now loaded: 0)
Unloading 19 unused Assets / (35.0 KB). Loaded Objects now: 2173.
Memory consumption went from 161.4 MB to 161.3 MB.
Total: 8.760871 ms (FindLiveObjects: 0.267676 ms CreateObjectMapping: 0.111590 ms MarkObjects: 8.277535 ms  DeleteObjects: 0.102066 ms)

AssetImportParameters requested are different than current active one (requested -> active):
  custom:video-decoder-ogg-theora: a1e56fd34408186e4bbccfd4996cb3dc -> 
  custom:container-muxer-webm: aa71ff27fc2769a1b78a27578f13a17b -> 
  custom:container-demuxer-webm: 4f35f7cbe854078d1ac9338744f61a02 -> 
  custom:video-encoder-webm-vp8: eb34c28f22e8b96e1ab97ce403110664 -> 
  custom:framework-osx-AVFoundation: e770b220cccbd017edd2c1fefb359320 -> 
  custom:audio-encoder-webm-vorbis: bf7c407c2cedff20999df2af8eb42d56 -> 
  custom:container-demuxer-ogg: 62fdf1f143b41e24485cea50d1cbac27 -> 
  custom:video-decoder-webm-vp8: 9c59270c3fd7afecdb556c50c9e8de78 -> 
  custom:audio-decoder-ogg-vorbis: bf7c407c2cedff20999df2af8eb42d56 -> 
========================================================================
Received Import Request.
  Time since last request: 616425.196704 seconds.
  path: Assets/OtherGame/Sprites/FaceCard_11H.png
  artifactKey: Guid(f003f0851f872404aa994a6eb847d36b) Importer(815301076,1909f56bfc062723c751e8b465ee728b)
Start importing Assets/OtherGame/Sprites/FaceCard_11H.png using Guid(f003f0851f872404aa994a6eb847d36b) Importer(815301076,1909f56bfc062723c751e8b465ee728b)  -> (artifact id: '8584afb413787a79885a7e02a4ec8706') in 4.074761 seconds 
========================================================================
Received Import Request.
  Time since last request: 0.000369 seconds.
  path: Assets/OtherGame/Sprites/Card_Front_Gold.png
  artifactKey: Guid(d3ec9ed8df0c0464e987e2c49885ec8d) Importer(815301076,1909f56bfc062723c751e8b465ee728b)
Start importing Assets/OtherGame/Sprites/Card_Front_Gold.png using Guid(d3ec9ed8df0c0464e987e2c49885ec8d) Importer(815301076,1909f56bfc062723c751e8b465ee728b)  -> (artifact id: '7a46f05d2ba5aac85f8182c42acbf45c') in 0.054561 seconds 
========================================================================
Received Import Request.
  Time since last request: 0.000331 seconds.
  path: Assets/OtherGame/Sprites/FaceCard_11C.png
  artifactKey: Guid(0b8443830063bd944b16be3d930f3c54) Importer(815301076,1909f56bfc062723c751e8b465ee728b)
Start importing Assets/OtherGame/Sprites/FaceCard_11C.png using Guid(0b8443830063bd944b16be3d930f3c54) Importer(815301076,1909f56bfc062723c751e8b465ee728b)  -> (artifact id: 'e077b708b1ded66ea1a7a17ab68ecd74') in 0.037696 seconds 
========================================================================
Received Import Request.
  Time since last request: 0.000132 seconds.
  path: Assets/OtherGame/Sprites/FaceCard_13D.png
  artifactKey: Guid(285b14eff630e2d4890ebc5573ea8f8f) Importer(815301076,1909f56bfc062723c751e8b465ee728b)
Start importing Assets/OtherGame/Sprites/FaceCard_13D.png using Guid(285b14eff630e2d4890ebc5573ea8f8f) Importer(815301076,1909f56bfc062723c751e8b465ee728b)  -> (artifact id: '32ea447bf72365a0f22334d57f247bdb') in 0.040577 seconds 
========================================================================
Received Import Request.
  Time since last request: 0.000088 seconds.
  path: Assets/OtherGame/Sprites/Diamond.png
  artifactKey: Guid(aa359e0f828203d4c8878acc3b32d438) Importer(815301076,1909f56bfc062723c751e8b465ee728b)
Start importing Assets/OtherGame/Sprites/Diamond.png using Guid(aa359e0f828203d4c8878acc3b32d438) Importer(815301076,1909f56bfc062723c751e8b465ee728b)  -> (artifact id: '739ff571b971d7b8995f5770dc538c80') in 0.065686 seconds 
========================================================================
Received Import Request.
  Time since last request: 0.000131 seconds.
  path: Assets/OtherGame/Sprites/FaceCard_12C.png
  artifactKey: Guid(5981dba1cc9d0564b850ac7937d35a24) Importer(815301076,1909f56bfc062723c751e8b465ee728b)
Start importing Assets/OtherGame/Sprites/FaceCard_12C.png using Guid(5981dba1cc9d0564b850ac7937d35a24) Importer(815301076,1909f56bfc062723c751e8b465ee728b)  -> (artifact id: '9df9d7947a0f3a408e4a0e12340ebbc9') in 0.056946 seconds 
========================================================================
Received Import Request.
  Time since last request: 0.000183 seconds.
  path: Assets/OtherGame/Sprites/Spade.png
  artifactKey: Guid(da6c904b943645c4b8a2f2501f4df7fc) Importer(815301076,1909f56bfc062723c751e8b465ee728b)
Start importing Assets/OtherGame/Sprites/Spade.png using Guid(da6c904b943645c4b8a2f2501f4df7fc) Importer(815301076,1909f56bfc062723c751e8b465ee728b)  -> (artifact id: '69969b4421fb7e8a129c343ca8b5f97a') in 0.023254 seconds 
========================================================================
Received Import Request.
  Time since last request: 0.000344 seconds.
  path: Assets/OtherGame/Sprites/FaceCard_13S.png
  artifactKey: Guid(b99afcdea84b6b9428249099e059493e) Importer(815301076,1909f56bfc062723c751e8b465ee728b)
Start importing Assets/OtherGame/Sprites/FaceCard_13S.png using Guid(b99afcdea84b6b9428249099e059493e) Importer(815301076,1909f56bfc062723c751e8b465ee728b)  -> (artifact id: '0d721764add77a2545d613f66f438dba') in 0.042586 seconds 
========================================================================
Received Import Request.
  Time since last request: 0.000131 seconds.
  path: Assets/OtherGame/Sprites/mingyu.jpg
  artifactKey: Guid(14a1703010d3c6749a6a9045f3e4b872) Importer(815301076,1909f56bfc062723c751e8b465ee728b)
Start importing Assets/OtherGame/Sprites/mingyu.jpg using Guid(14a1703010d3c6749a6a9045f3e4b872) Importer(815301076,1909f56bfc062723c751e8b465ee728b)  -> (artifact id: '2b355966c0347cf91f24e60116665287') in 2.811243 seconds 
========================================================================
Received Import Request.
  Time since last request: 0.005641 seconds.
  path: Assets/OtherGame/Sprites/FaceCard_11D.png
  artifactKey: Guid(4765b1cb0e68d2844bcfedd6b71f5ba4) Importer(815301076,1909f56bfc062723c751e8b465ee728b)
Start importing Assets/OtherGame/Sprites/FaceCard_11D.png using Guid(4765b1cb0e68d2844bcfedd6b71f5ba4) Importer(815301076,1909f56bfc062723c751e8b465ee728b)  -> (artifact id: '672dc5c15e9a0a57db60c682952afa2e') in 0.067113 seconds 
========================================================================
Received Import Request.
  Time since last request: 0.000086 seconds.
  path: Assets/OtherGame/Sprites/woozi.jpeg
  artifactKey: Guid(d058c88f4b1f9094fb6ffc6c55f317c8) Importer(815301076,1909f56bfc062723c751e8b465ee728b)
Start importing Assets/OtherGame/Sprites/woozi.jpeg using Guid(d058c88f4b1f9094fb6ffc6c55f317c8) Importer(815301076,1909f56bfc062723c751e8b465ee728b)  -> (artifact id: '88dda142a8d725014b032307ad0ecdd9') in 0.231869 seconds 
========================================================================
Received Import Request.
  Time since last request: 0.000088 seconds.
  path: Assets/OtherGame/Sprites/ProspectorBackground.png
  artifactKey: Guid(6f67b9fcced7694448876a3cbe85e348) Importer(815301076,1909f56bfc062723c751e8b465ee728b)
Start importing Assets/OtherGame/Sprites/ProspectorBackground.png using Guid(6f67b9fcced7694448876a3cbe85e348) Importer(815301076,1909f56bfc062723c751e8b465ee728b)  -> (artifact id: 'ef1b6cedc41ccbfb57574fafc72e8500') in 0.198780 seconds 
========================================================================
Received Import Request.
  Time since last request: 0.000098 seconds.
  path: Assets/OtherGame/Sprites/ProspectorBackground Mat.mat
  artifactKey: Guid(e7efe4c59f886864397eb7050c9d2646) Importer(815301076,1909f56bfc062723c751e8b465ee728b)
Start importing Assets/OtherGame/Sprites/ProspectorBackground Mat.mat using Guid(e7efe4c59f886864397eb7050c9d2646) Importer(815301076,1909f56bfc062723c751e8b465ee728b)  -> (artifact id: '48f2d6edb8c3d343c2f64588d47971b9') in 0.355096 seconds 
