Using pre-set license
Built from '2021.3/staging' branch; Version is '2021.3.8f1 (b30333d56e81) revision 11731763'; Using compiler version '192829333'; Build Type 'Release'
OS: 'Windows 11  (10.0.22621) 64bit Core' Language: 'en' Physical Memory: 16237 MB
BatchMode: 1, IsHumanControllingUs: 0, StartBugReporterOnCrash: 0, Is64bit: 1, IsPro: 1

COMMAND LINE ARGUMENTS:
C:\Program Files\Unity\Hub\Editor\2021.3.8f1\Editor\Unity.exe
-adb2
-batchMode
-noUpm
-name
AssetImportWorker2
-projectPath
C:/Users/unais/OneDrive/Documents/GitHub/module3-cardgames-twinklinglittlestars
-logFile
Logs/AssetImportWorker2.log
-srvPort
51498
Successfully changed project path to: C:/Users/unais/OneDrive/Documents/GitHub/module3-cardgames-twinklinglittlestars
C:/Users/unais/OneDrive/Documents/GitHub/module3-cardgames-twinklinglittlestars
[UnityMemory] Configuration Parameters - Can be set up in boot.config
    "memorysetup-bucket-allocator-granularity=16"
    "memorysetup-bucket-allocator-bucket-count=8"
    "memorysetup-bucket-allocator-block-size=33554432"
    "memorysetup-bucket-allocator-block-count=8"
    "memorysetup-main-allocator-block-size=16777216"
    "memorysetup-thread-allocator-block-size=16777216"
    "memorysetup-gfx-main-allocator-block-size=16777216"
    "memorysetup-gfx-thread-allocator-block-size=16777216"
    "memorysetup-cache-allocator-block-size=4194304"
    "memorysetup-typetree-allocator-block-size=2097152"
    "memorysetup-profiler-bucket-allocator-granularity=16"
    "memorysetup-profiler-bucket-allocator-bucket-count=8"
    "memorysetup-profiler-bucket-allocator-block-size=33554432"
    "memorysetup-profiler-bucket-allocator-block-count=8"
    "memorysetup-profiler-allocator-block-size=16777216"
    "memorysetup-profiler-editor-allocator-block-size=1048576"
    "memorysetup-temp-allocator-size-main=16777216"
    "memorysetup-job-temp-allocator-block-size=2097152"
    "memorysetup-job-temp-allocator-block-size-background=1048576"
    "memorysetup-job-temp-allocator-reduction-small-platforms=262144"
    "memorysetup-temp-allocator-size-background-worker=32768"
    "memorysetup-temp-allocator-size-job-worker=262144"
    "memorysetup-temp-allocator-size-preload-manager=33554432"
    "memorysetup-temp-allocator-size-nav-mesh-worker=65536"
    "memorysetup-temp-allocator-size-audio-worker=65536"
    "memorysetup-temp-allocator-size-cloud-worker=32768"
    "memorysetup-temp-allocator-size-gi-baking-worker=262144"
    "memorysetup-temp-allocator-size-gfx=262144"
Refreshing native plugins compatible for Editor in 97.80 ms, found 2 plugins.
Preloading 0 native plugins for Editor in 0.00 ms.
Initialize engine version: 2021.3.8f1 (b30333d56e81)
[Subsystems] Discovering subsystems at path C:/Program Files/Unity/Hub/Editor/2021.3.8f1/Editor/Data/Resources/UnitySubsystems
[Subsystems] Discovering subsystems at path C:/Users/unais/OneDrive/Documents/GitHub/module3-cardgames-twinklinglittlestars/Assets
GfxDevice: creating device client; threaded=0; jobified=0
Direct3D:
    Version:  Direct3D 11.0 [level 11.1]
    Renderer: NVIDIA GeForce RTX 3060 (ID=0x2504)
    Vendor:   NVIDIA
    VRAM:     12142 MB
    Driver:   30.0.15.1215
Initialize mono
Mono path[0] = 'C:/Program Files/Unity/Hub/Editor/2021.3.8f1/Editor/Data/Managed'
Mono path[1] = 'C:/Program Files/Unity/Hub/Editor/2021.3.8f1/Editor/Data/MonoBleedingEdge/lib/mono/unityjit-win32'
Mono config path = 'C:/Program Files/Unity/Hub/Editor/2021.3.8f1/Editor/Data/MonoBleedingEdge/etc'
Using monoOptions --debugger-agent=transport=dt_socket,embedding=1,server=y,suspend=n,address=127.0.0.1:56408
Begin MonoManager ReloadAssembly
Registering precompiled unity dll's ...
Register platform support module: C:/Program Files/Unity/Hub/Editor/2021.3.8f1/Editor/Data/PlaybackEngines/WebGLSupport/UnityEditor.WebGL.Extensions.dll
Register platform support module: C:/Program Files/Unity/Hub/Editor/2021.3.8f1/Editor/Data/PlaybackEngines/WindowsStandaloneSupport/UnityEditor.WindowsStandalone.Extensions.dll
Registered in 0.150988 seconds.
Native extension for WindowsStandalone target not found
Native extension for WebGL target not found
Refreshing native plugins compatible for Editor in 20.54 ms, found 2 plugins.
Preloading 0 native plugins for Editor in 0.00 ms.
Mono: successfully reloaded assembly
- Completed reload, in  4.456 seconds
Domain Reload Profiling:
	ReloadAssembly (4457ms)
		BeginReloadAssembly (3882ms)
			ExecutionOrderSort (0ms)
			DisableScriptedObjects (0ms)
			BackupInstance (0ms)
			ReleaseScriptingObjects (0ms)
			CreateAndSetChildDomain (1ms)
		EndReloadAssembly (346ms)
			LoadAssemblies (3888ms)
			RebuildTransferFunctionScriptingTraits (0ms)
			SetupTypeCache (99ms)
			ReleaseScriptCaches (0ms)
			RebuildScriptCaches (22ms)
			SetupLoadedEditorAssemblies (180ms)
				LogAssemblyErrors (0ms)
				InitializePlatformSupportModulesInManaged (6ms)
				SetLoadedEditorAssemblies (0ms)
				RefreshPlugins (21ms)
				BeforeProcessingInitializeOnLoad (1ms)
				ProcessInitializeOnLoadAttributes (113ms)
				ProcessInitializeOnLoadMethodAttributes (40ms)
				AfterProcessingInitializeOnLoad (0ms)
				EditorAssembliesLoaded (0ms)
			ExecutionOrderSort2 (0ms)
			AwakeInstancesAfterBackupRestoration (0ms)
Platform modules already initialized, skipping
Registering precompiled user dll's ...
Registered in 0.002631 seconds.
Begin MonoManager ReloadAssembly
Native extension for WindowsStandalone target not found
Native extension for WebGL target not found
Refreshing native plugins compatible for Editor in 0.26 ms, found 2 plugins.
Preloading 0 native plugins for Editor in 0.00 ms.
Mono: successfully reloaded assembly
- Completed reload, in  4.137 seconds
Domain Reload Profiling:
	ReloadAssembly (4138ms)
		BeginReloadAssembly (82ms)
			ExecutionOrderSort (0ms)
			DisableScriptedObjects (4ms)
			BackupInstance (0ms)
			ReleaseScriptingObjects (0ms)
			CreateAndSetChildDomain (15ms)
		EndReloadAssembly (3891ms)
			LoadAssemblies (2208ms)
			RebuildTransferFunctionScriptingTraits (0ms)
			SetupTypeCache (136ms)
			ReleaseScriptCaches (0ms)
			RebuildScriptCaches (35ms)
			SetupLoadedEditorAssemblies (1486ms)
				LogAssemblyErrors (0ms)
				InitializePlatformSupportModulesInManaged (4ms)
				SetLoadedEditorAssemblies (0ms)
				RefreshPlugins (0ms)
				BeforeProcessingInitializeOnLoad (38ms)
				ProcessInitializeOnLoadAttributes (161ms)
				ProcessInitializeOnLoadMethodAttributes (1278ms)
				AfterProcessingInitializeOnLoad (4ms)
				EditorAssembliesLoaded (0ms)
			ExecutionOrderSort2 (0ms)
			AwakeInstancesAfterBackupRestoration (6ms)
Platform modules already initialized, skipping
========================================================================
Worker process is ready to serve import requests
Launched and connected shader compiler UnityShaderCompiler.exe after 0.03 seconds
Refreshing native plugins compatible for Editor in 0.26 ms, found 2 plugins.
Preloading 0 native plugins for Editor in 0.00 ms.
Unloading 1698 Unused Serialized files (Serialized files now loaded: 0)
Unloading 19 unused Assets / (47.0 KB). Loaded Objects now: 2165.
Memory consumption went from 73.2 MB to 73.1 MB.
Total: 1.937400 ms (FindLiveObjects: 0.107000 ms CreateObjectMapping: 0.044900 ms MarkObjects: 1.743400 ms  DeleteObjects: 0.041200 ms)

AssetImportParameters requested are different than current active one (requested -> active):
  custom:video-decoder-ogg-theora: a1e56fd34408186e4bbccfd4996cb3dc -> 
  custom:container-muxer-webm: aa71ff27fc2769a1b78a27578f13a17b -> 
  custom:container-demuxer-webm: 4f35f7cbe854078d1ac9338744f61a02 -> 
  custom:video-encoder-webm-vp8: eb34c28f22e8b96e1ab97ce403110664 -> 
  custom:audio-encoder-webm-vorbis: bf7c407c2cedff20999df2af8eb42d56 -> 
  custom:framework-win-MediaFoundation: 216162199b28c13a410421893ffa2e32 -> 
  custom:container-demuxer-ogg: 62fdf1f143b41e24485cea50d1cbac27 -> 
  custom:video-decoder-webm-vp8: 9c59270c3fd7afecdb556c50c9e8de78 -> 
  custom:audio-decoder-ogg-vorbis: bf7c407c2cedff20999df2af8eb42d56 -> 
========================================================================
Received Import Request.
  Time since last request: 75019.286467 seconds.
  path: Assets/OtherGame/Sprites/mingyu.jpg
  artifactKey: Guid(14a1703010d3c6749a6a9045f3e4b872) Importer(815301076,1909f56bfc062723c751e8b465ee728b)
Start importing Assets/OtherGame/Sprites/mingyu.jpg using Guid(14a1703010d3c6749a6a9045f3e4b872) Importer(815301076,1909f56bfc062723c751e8b465ee728b)  -> (artifact id: 'd4516e5629b9847616e4ce49b12635fb') in 0.059692 seconds 
========================================================================
Received Import Request.
  Time since last request: 81.961664 seconds.
  path: Assets/OtherGame/Scripts/Card1.cs
  artifactKey: Guid(281f29c29494b3e4285185d5c2d4f411) Importer(815301076,1909f56bfc062723c751e8b465ee728b)
Start importing Assets/OtherGame/Scripts/Card1.cs using Guid(281f29c29494b3e4285185d5c2d4f411) Importer(815301076,1909f56bfc062723c751e8b465ee728b)  -> (artifact id: '274bb2b793174873e6457eca63b4698e') in 0.007767 seconds 
========================================================================
Received Import Request.
  Time since last request: 12.279523 seconds.
  path: Assets/OtherGame/Scripts/Card.cs
  artifactKey: Guid(281f29c29494b3e4285185d5c2d4f411) Importer(815301076,1909f56bfc062723c751e8b465ee728b)
Start importing Assets/OtherGame/Scripts/Card.cs using Guid(281f29c29494b3e4285185d5c2d4f411) Importer(815301076,1909f56bfc062723c751e8b465ee728b)  -> (artifact id: '9fb72610d670acf4e8630c5583f78d97') in 0.006338 seconds 
========================================================================
Received Import Request.
  Time since last request: 1.490094 seconds.
  path: Assets/OtherGame/Scripts/Deck1.cs
  artifactKey: Guid(fb6f860835e06ee4b85507cddcd82d52) Importer(815301076,1909f56bfc062723c751e8b465ee728b)
Start importing Assets/OtherGame/Scripts/Deck1.cs using Guid(fb6f860835e06ee4b85507cddcd82d52) Importer(815301076,1909f56bfc062723c751e8b465ee728b)  -> (artifact id: '4f5ab53472583e1d6cf6af8c50c20528') in 0.005145 seconds 
========================================================================
Received Prepare
Registering precompiled user dll's ...
Registered in 0.002303 seconds.
Begin MonoManager ReloadAssembly
Native extension for WindowsStandalone target not found
Native extension for WebGL target not found
Refreshing native plugins compatible for Editor in 0.40 ms, found 2 plugins.
Preloading 0 native plugins for Editor in 0.00 ms.
Mono: successfully reloaded assembly
- Completed reload, in  0.657 seconds
Domain Reload Profiling:
	ReloadAssembly (658ms)
		BeginReloadAssembly (92ms)
			ExecutionOrderSort (0ms)
			DisableScriptedObjects (4ms)
			BackupInstance (0ms)
			ReleaseScriptingObjects (0ms)
			CreateAndSetChildDomain (23ms)
		EndReloadAssembly (486ms)
			LoadAssemblies (55ms)
			RebuildTransferFunctionScriptingTraits (0ms)
			SetupTypeCache (126ms)
			ReleaseScriptCaches (1ms)
			RebuildScriptCaches (25ms)
			SetupLoadedEditorAssemblies (245ms)
				LogAssemblyErrors (0ms)
				InitializePlatformSupportModulesInManaged (12ms)
				SetLoadedEditorAssemblies (1ms)
				RefreshPlugins (0ms)
				BeforeProcessingInitializeOnLoad (36ms)
				ProcessInitializeOnLoadAttributes (167ms)
				ProcessInitializeOnLoadMethodAttributes (25ms)
				AfterProcessingInitializeOnLoad (4ms)
				EditorAssembliesLoaded (0ms)
			ExecutionOrderSort2 (0ms)
			AwakeInstancesAfterBackupRestoration (6ms)
Platform modules already initialized, skipping
Refreshing native plugins compatible for Editor in 0.89 ms, found 2 plugins.
Preloading 0 native plugins for Editor in 0.00 ms.
Unloading 1692 Unused Serialized files (Serialized files now loaded: 0)
Unloading 12 unused Assets / (24.6 KB). Loaded Objects now: 2171.
Memory consumption went from 73.0 MB to 73.0 MB.
Total: 1.784000 ms (FindLiveObjects: 0.099300 ms CreateObjectMapping: 0.032300 ms MarkObjects: 1.635200 ms  DeleteObjects: 0.016100 ms)

AssetImportParameters requested are different than current active one (requested -> active):
  custom:video-decoder-ogg-theora: a1e56fd34408186e4bbccfd4996cb3dc -> 
  custom:container-muxer-webm: aa71ff27fc2769a1b78a27578f13a17b -> 
  custom:container-demuxer-webm: 4f35f7cbe854078d1ac9338744f61a02 -> 
  custom:video-encoder-webm-vp8: eb34c28f22e8b96e1ab97ce403110664 -> 
  custom:audio-encoder-webm-vorbis: bf7c407c2cedff20999df2af8eb42d56 -> 
  custom:framework-win-MediaFoundation: 216162199b28c13a410421893ffa2e32 -> 
  custom:container-demuxer-ogg: 62fdf1f143b41e24485cea50d1cbac27 -> 
  custom:video-decoder-webm-vp8: 9c59270c3fd7afecdb556c50c9e8de78 -> 
  custom:audio-decoder-ogg-vorbis: bf7c407c2cedff20999df2af8eb42d56 -> 
========================================================================
Received Import Request.
  Time since last request: 7.086099 seconds.
  path: Assets/OtherGame/Scripts/Deck.cs
  artifactKey: Guid(fb6f860835e06ee4b85507cddcd82d52) Importer(815301076,1909f56bfc062723c751e8b465ee728b)
Start importing Assets/OtherGame/Scripts/Deck.cs using Guid(fb6f860835e06ee4b85507cddcd82d52) Importer(815301076,1909f56bfc062723c751e8b465ee728b)  -> (artifact id: '8b4387a7473b562d2ca7909fc530efcd') in 0.008416 seconds 
========================================================================
Received Prepare
Registering precompiled user dll's ...
Registered in 0.002297 seconds.
Begin MonoManager ReloadAssembly
Native extension for WindowsStandalone target not found
Native extension for WebGL target not found
Refreshing native plugins compatible for Editor in 0.27 ms, found 2 plugins.
Preloading 0 native plugins for Editor in 0.00 ms.
Mono: successfully reloaded assembly
- Completed reload, in  0.727 seconds
Domain Reload Profiling:
	ReloadAssembly (728ms)
		BeginReloadAssembly (95ms)
			ExecutionOrderSort (0ms)
			DisableScriptedObjects (6ms)
			BackupInstance (0ms)
			ReleaseScriptingObjects (0ms)
			CreateAndSetChildDomain (27ms)
		EndReloadAssembly (554ms)
			LoadAssemblies (52ms)
			RebuildTransferFunctionScriptingTraits (0ms)
			SetupTypeCache (167ms)
			ReleaseScriptCaches (1ms)
			RebuildScriptCaches (33ms)
			SetupLoadedEditorAssemblies (259ms)
				LogAssemblyErrors (0ms)
				InitializePlatformSupportModulesInManaged (12ms)
				SetLoadedEditorAssemblies (0ms)
				RefreshPlugins (0ms)
				BeforeProcessingInitializeOnLoad (41ms)
				ProcessInitializeOnLoadAttributes (177ms)
				ProcessInitializeOnLoadMethodAttributes (25ms)
				AfterProcessingInitializeOnLoad (4ms)
				EditorAssembliesLoaded (0ms)
			ExecutionOrderSort2 (0ms)
			AwakeInstancesAfterBackupRestoration (7ms)
Platform modules already initialized, skipping
Refreshing native plugins compatible for Editor in 0.90 ms, found 2 plugins.
Preloading 0 native plugins for Editor in 0.00 ms.
Unloading 1692 Unused Serialized files (Serialized files now loaded: 0)
Unloading 12 unused Assets / (24.6 KB). Loaded Objects now: 2174.
Memory consumption went from 73.0 MB to 73.0 MB.
Total: 1.768300 ms (FindLiveObjects: 0.098800 ms CreateObjectMapping: 0.033600 ms MarkObjects: 1.618900 ms  DeleteObjects: 0.015500 ms)

AssetImportParameters requested are different than current active one (requested -> active):
  custom:video-decoder-ogg-theora: a1e56fd34408186e4bbccfd4996cb3dc -> 
  custom:container-muxer-webm: aa71ff27fc2769a1b78a27578f13a17b -> 
  custom:container-demuxer-webm: 4f35f7cbe854078d1ac9338744f61a02 -> 
  custom:video-encoder-webm-vp8: eb34c28f22e8b96e1ab97ce403110664 -> 
  custom:audio-encoder-webm-vorbis: bf7c407c2cedff20999df2af8eb42d56 -> 
  custom:framework-win-MediaFoundation: 216162199b28c13a410421893ffa2e32 -> 
  custom:container-demuxer-ogg: 62fdf1f143b41e24485cea50d1cbac27 -> 
  custom:video-decoder-webm-vp8: 9c59270c3fd7afecdb556c50c9e8de78 -> 
  custom:audio-decoder-ogg-vorbis: bf7c407c2cedff20999df2af8eb42d56 -> 
========================================================================
Received Import Request.
  Time since last request: 46.648080 seconds.
  path: Assets/Prospector/__Scripts/Deck.cs
  artifactKey: Guid(2b69c28581428da469438d7d5901b8ad) Importer(815301076,1909f56bfc062723c751e8b465ee728b)
Start importing Assets/Prospector/__Scripts/Deck.cs using Guid(2b69c28581428da469438d7d5901b8ad) Importer(815301076,1909f56bfc062723c751e8b465ee728b)  -> (artifact id: '227b26ff2d7e2a72b4324a41b488a70b') in 0.004104 seconds 
========================================================================
Received Import Request.
  Time since last request: 1526.243917 seconds.
  path: Assets/OtherGame/Scripts/PyramidSolitaire.cs
  artifactKey: Guid(4662837757813204b840b82b440e1454) Importer(815301076,1909f56bfc062723c751e8b465ee728b)
Start importing Assets/OtherGame/Scripts/PyramidSolitaire.cs using Guid(4662837757813204b840b82b440e1454) Importer(815301076,1909f56bfc062723c751e8b465ee728b)  -> (artifact id: '3dbabd7f51b05e5f3b0f2e0514a24665') in 0.005083 seconds 
========================================================================
Received Import Request.
  Time since last request: 26.491017 seconds.
  path: Assets/OtherGame/Scripts/Layout.cs
  artifactKey: Guid(57f5da00e40b9e8479a321d746fe3259) Importer(815301076,1909f56bfc062723c751e8b465ee728b)
Start importing Assets/OtherGame/Scripts/Layout.cs using Guid(57f5da00e40b9e8479a321d746fe3259) Importer(815301076,1909f56bfc062723c751e8b465ee728b)  -> (artifact id: '405c57ea67e17d99d269d271405cfc1e') in 0.004438 seconds 
========================================================================
Received Prepare
Registering precompiled user dll's ...
Registered in 0.002447 seconds.
Begin MonoManager ReloadAssembly
Native extension for WindowsStandalone target not found
Native extension for WebGL target not found
Refreshing native plugins compatible for Editor in 0.27 ms, found 2 plugins.
Preloading 0 native plugins for Editor in 0.00 ms.
Mono: successfully reloaded assembly
- Completed reload, in  0.752 seconds
Domain Reload Profiling:
	ReloadAssembly (753ms)
		BeginReloadAssembly (111ms)
			ExecutionOrderSort (0ms)
			DisableScriptedObjects (5ms)
			BackupInstance (0ms)
			ReleaseScriptingObjects (0ms)
			CreateAndSetChildDomain (24ms)
		EndReloadAssembly (551ms)
			LoadAssemblies (67ms)
			RebuildTransferFunctionScriptingTraits (0ms)
			SetupTypeCache (164ms)
			ReleaseScriptCaches (1ms)
			RebuildScriptCaches (34ms)
			SetupLoadedEditorAssemblies (250ms)
				LogAssemblyErrors (0ms)
				InitializePlatformSupportModulesInManaged (13ms)
				SetLoadedEditorAssemblies (0ms)
				RefreshPlugins (0ms)
				BeforeProcessingInitializeOnLoad (38ms)
				ProcessInitializeOnLoadAttributes (173ms)
				ProcessInitializeOnLoadMethodAttributes (21ms)
				AfterProcessingInitializeOnLoad (4ms)
				EditorAssembliesLoaded (0ms)
			ExecutionOrderSort2 (0ms)
			AwakeInstancesAfterBackupRestoration (7ms)
Platform modules already initialized, skipping
Refreshing native plugins compatible for Editor in 1.02 ms, found 2 plugins.
Preloading 0 native plugins for Editor in 0.00 ms.
Unloading 1692 Unused Serialized files (Serialized files now loaded: 0)
Unloading 12 unused Assets / (24.7 KB). Loaded Objects now: 2177.
Memory consumption went from 73.0 MB to 73.0 MB.
Total: 1.961700 ms (FindLiveObjects: 0.100200 ms CreateObjectMapping: 0.036200 ms MarkObjects: 1.803400 ms  DeleteObjects: 0.020600 ms)

AssetImportParameters requested are different than current active one (requested -> active):
  custom:video-decoder-ogg-theora: a1e56fd34408186e4bbccfd4996cb3dc -> 
  custom:container-muxer-webm: aa71ff27fc2769a1b78a27578f13a17b -> 
  custom:container-demuxer-webm: 4f35f7cbe854078d1ac9338744f61a02 -> 
  custom:video-encoder-webm-vp8: eb34c28f22e8b96e1ab97ce403110664 -> 
  custom:audio-encoder-webm-vorbis: bf7c407c2cedff20999df2af8eb42d56 -> 
  custom:framework-win-MediaFoundation: 216162199b28c13a410421893ffa2e32 -> 
  custom:container-demuxer-ogg: 62fdf1f143b41e24485cea50d1cbac27 -> 
  custom:video-decoder-webm-vp8: 9c59270c3fd7afecdb556c50c9e8de78 -> 
  custom:audio-decoder-ogg-vorbis: bf7c407c2cedff20999df2af8eb42d56 -> 
========================================================================
Received Import Request.
  Time since last request: 391.923852 seconds.
  path: Assets/OtherGame/Scriptz
  artifactKey: Guid(0b6f32d85b9c27648be822cce7c38e41) Importer(815301076,1909f56bfc062723c751e8b465ee728b)
Start importing Assets/OtherGame/Scriptz using Guid(0b6f32d85b9c27648be822cce7c38e41) Importer(815301076,1909f56bfc062723c751e8b465ee728b)  -> (artifact id: '923e1fa45d1055cf5dc4830873279919') in 0.013201 seconds 
========================================================================
Received Import Request.
  Time since last request: 19.846897 seconds.
  path: Assets/OtherGame/Scriptz/__Scripts 1
  artifactKey: Guid(d035c341e4e79824d945aedbd1facee9) Importer(815301076,1909f56bfc062723c751e8b465ee728b)
Start importing Assets/OtherGame/Scriptz/__Scripts 1 using Guid(d035c341e4e79824d945aedbd1facee9) Importer(815301076,1909f56bfc062723c751e8b465ee728b)  -> (artifact id: '9ae3323f64ead61796ba2d5e652dbd1c') in 0.005696 seconds 
========================================================================
Received Prepare
Registering precompiled user dll's ...
Registered in 0.002247 seconds.
Begin MonoManager ReloadAssembly
Native extension for WindowsStandalone target not found
Native extension for WebGL target not found
Refreshing native plugins compatible for Editor in 0.27 ms, found 2 plugins.
Preloading 0 native plugins for Editor in 0.00 ms.
Mono: successfully reloaded assembly
- Completed reload, in  0.679 seconds
Domain Reload Profiling:
	ReloadAssembly (679ms)
		BeginReloadAssembly (103ms)
			ExecutionOrderSort (0ms)
			DisableScriptedObjects (4ms)
			BackupInstance (0ms)
			ReleaseScriptingObjects (0ms)
			CreateAndSetChildDomain (23ms)
		EndReloadAssembly (496ms)
			LoadAssemblies (63ms)
			RebuildTransferFunctionScriptingTraits (0ms)
			SetupTypeCache (141ms)
			ReleaseScriptCaches (1ms)
			RebuildScriptCaches (29ms)
			SetupLoadedEditorAssemblies (235ms)
				LogAssemblyErrors (0ms)
				InitializePlatformSupportModulesInManaged (11ms)
				SetLoadedEditorAssemblies (0ms)
				RefreshPlugins (0ms)
				BeforeProcessingInitializeOnLoad (36ms)
				ProcessInitializeOnLoadAttributes (161ms)
				ProcessInitializeOnLoadMethodAttributes (22ms)
				AfterProcessingInitializeOnLoad (5ms)
				EditorAssembliesLoaded (0ms)
			ExecutionOrderSort2 (0ms)
			AwakeInstancesAfterBackupRestoration (6ms)
Platform modules already initialized, skipping
Refreshing native plugins compatible for Editor in 0.90 ms, found 2 plugins.
Preloading 0 native plugins for Editor in 0.00 ms.
Unloading 1692 Unused Serialized files (Serialized files now loaded: 0)
Unloading 12 unused Assets / (24.7 KB). Loaded Objects now: 2180.
Memory consumption went from 73.0 MB to 73.0 MB.
Total: 1.670600 ms (FindLiveObjects: 0.094700 ms CreateObjectMapping: 0.033300 ms MarkObjects: 1.527800 ms  DeleteObjects: 0.014100 ms)

AssetImportParameters requested are different than current active one (requested -> active):
  custom:video-decoder-ogg-theora: a1e56fd34408186e4bbccfd4996cb3dc -> 
  custom:container-muxer-webm: aa71ff27fc2769a1b78a27578f13a17b -> 
  custom:container-demuxer-webm: 4f35f7cbe854078d1ac9338744f61a02 -> 
  custom:video-encoder-webm-vp8: eb34c28f22e8b96e1ab97ce403110664 -> 
  custom:audio-encoder-webm-vorbis: bf7c407c2cedff20999df2af8eb42d56 -> 
  custom:framework-win-MediaFoundation: 216162199b28c13a410421893ffa2e32 -> 
  custom:container-demuxer-ogg: 62fdf1f143b41e24485cea50d1cbac27 -> 
  custom:video-decoder-webm-vp8: 9c59270c3fd7afecdb556c50c9e8de78 -> 
  custom:audio-decoder-ogg-vorbis: bf7c407c2cedff20999df2af8eb42d56 -> 
========================================================================
Received Import Request.
  Time since last request: 36.160291 seconds.
  path: Assets/OtherGame/PScripts/Card.cs
  artifactKey: Guid(929eace51165b00409894240951da3a9) Importer(815301076,1909f56bfc062723c751e8b465ee728b)
Start importing Assets/OtherGame/PScripts/Card.cs using Guid(929eace51165b00409894240951da3a9) Importer(815301076,1909f56bfc062723c751e8b465ee728b)  -> (artifact id: '00097c7db303e3d7bc46964559612ed5') in 0.004846 seconds 
========================================================================
Received Import Request.
  Time since last request: 36.672083 seconds.
  path: Assets/OtherGame/PScripts/CardProspector.cs
  artifactKey: Guid(f0f3f4a243e598a4ea2122283efb0860) Importer(815301076,1909f56bfc062723c751e8b465ee728b)
Start importing Assets/OtherGame/PScripts/CardProspector.cs using Guid(f0f3f4a243e598a4ea2122283efb0860) Importer(815301076,1909f56bfc062723c751e8b465ee728b)  -> (artifact id: 'a3310b939be9875084861f9b100ed30e') in 0.006629 seconds 
========================================================================
Received Import Request.
  Time since last request: 23.390997 seconds.
  path: Assets/OtherGame/PScripts/Deck.cs
  artifactKey: Guid(98b72f7db748f06499f2f68e4a75dfa8) Importer(815301076,1909f56bfc062723c751e8b465ee728b)
Start importing Assets/OtherGame/PScripts/Deck.cs using Guid(98b72f7db748f06499f2f68e4a75dfa8) Importer(815301076,1909f56bfc062723c751e8b465ee728b)  -> (artifact id: '9bf4bc3e6ec62769fd1c8eac38fc0a00') in 0.001885 seconds 
========================================================================
Received Import Request.
  Time since last request: 21.033711 seconds.
  path: Assets/OtherGame/PScripts/FloatingScore.cs
  artifactKey: Guid(fa19238beb9d49346ac115a7c6a52329) Importer(815301076,1909f56bfc062723c751e8b465ee728b)
Start importing Assets/OtherGame/PScripts/FloatingScore.cs using Guid(fa19238beb9d49346ac115a7c6a52329) Importer(815301076,1909f56bfc062723c751e8b465ee728b)  -> (artifact id: 'cae92d6ba13d56ac1b890431eddbb549') in 0.005951 seconds 
========================================================================
Received Import Request.
  Time since last request: 20.726818 seconds.
  path: Assets/OtherGame/PScripts/Layout.cs
  artifactKey: Guid(d055530d7ef54ca44a6e16e93dd22019) Importer(815301076,1909f56bfc062723c751e8b465ee728b)
Start importing Assets/OtherGame/PScripts/Layout.cs using Guid(d055530d7ef54ca44a6e16e93dd22019) Importer(815301076,1909f56bfc062723c751e8b465ee728b)  -> (artifact id: 'ecacbade0af7ca2632d748d0961e3901') in 0.001845 seconds 
========================================================================
Received Import Request.
  Time since last request: 19.002152 seconds.
  path: Assets/OtherGame/PScripts/Prospector.cs
  artifactKey: Guid(608c483a523fb1e4bb187cc18da3e602) Importer(815301076,1909f56bfc062723c751e8b465ee728b)
Start importing Assets/OtherGame/PScripts/Prospector.cs using Guid(608c483a523fb1e4bb187cc18da3e602) Importer(815301076,1909f56bfc062723c751e8b465ee728b)  -> (artifact id: '2bf055447c0c9340927f6a71fbc5e996') in 0.005005 seconds 
========================================================================
Received Import Request.
  Time since last request: 20.553092 seconds.
  path: Assets/OtherGame/PScripts/PT_XMLReader.cs
  artifactKey: Guid(16fd39dcf15c73b49aad13b98dfd7922) Importer(815301076,1909f56bfc062723c751e8b465ee728b)
Start importing Assets/OtherGame/PScripts/PT_XMLReader.cs using Guid(16fd39dcf15c73b49aad13b98dfd7922) Importer(815301076,1909f56bfc062723c751e8b465ee728b)  -> (artifact id: '4d5b81dd2648366631aed3ea94af747f') in 0.005737 seconds 
========================================================================
Received Import Request.
  Time since last request: 18.425784 seconds.
  path: Assets/OtherGame/PScripts/Scoreboard.cs
  artifactKey: Guid(42cf0fb94f169114ebedf3d987dd596d) Importer(815301076,1909f56bfc062723c751e8b465ee728b)
Start importing Assets/OtherGame/PScripts/Scoreboard.cs using Guid(42cf0fb94f169114ebedf3d987dd596d) Importer(815301076,1909f56bfc062723c751e8b465ee728b)  -> (artifact id: 'b13c5e5056867f5c0a57143456cf628c') in 0.005406 seconds 
========================================================================
Received Import Request.
  Time since last request: 17.060492 seconds.
  path: Assets/OtherGame/PScripts/ScoreManager.cs
  artifactKey: Guid(cd6f1c82b0034ba4680ccef3e170067f) Importer(815301076,1909f56bfc062723c751e8b465ee728b)
Start importing Assets/OtherGame/PScripts/ScoreManager.cs using Guid(cd6f1c82b0034ba4680ccef3e170067f) Importer(815301076,1909f56bfc062723c751e8b465ee728b)  -> (artifact id: '158933f730d58d6488d0c30cd812c50e') in 0.005881 seconds 
========================================================================
Received Import Request.
  Time since last request: 20.294167 seconds.
  path: Assets/OtherGame/PScripts/Utils.cs
  artifactKey: Guid(86259fb4370f9914989132323d69fc33) Importer(815301076,1909f56bfc062723c751e8b465ee728b)
Start importing Assets/OtherGame/PScripts/Utils.cs using Guid(86259fb4370f9914989132323d69fc33) Importer(815301076,1909f56bfc062723c751e8b465ee728b)  -> (artifact id: '034ad9befe644d5b8b827017f2447649') in 0.006937 seconds 
========================================================================
Received Prepare
Registering precompiled user dll's ...
Registered in 0.002616 seconds.
Begin MonoManager ReloadAssembly
Native extension for WindowsStandalone target not found
Native extension for WebGL target not found
Refreshing native plugins compatible for Editor in 0.37 ms, found 2 plugins.
Preloading 0 native plugins for Editor in 0.00 ms.
Mono: successfully reloaded assembly
- Completed reload, in  0.741 seconds
Domain Reload Profiling:
	ReloadAssembly (742ms)
		BeginReloadAssembly (104ms)
			ExecutionOrderSort (0ms)
			DisableScriptedObjects (7ms)
			BackupInstance (0ms)
			ReleaseScriptingObjects (0ms)
			CreateAndSetChildDomain (27ms)
		EndReloadAssembly (546ms)
			LoadAssemblies (57ms)
			RebuildTransferFunctionScriptingTraits (0ms)
			SetupTypeCache (156ms)
			ReleaseScriptCaches (1ms)
			RebuildScriptCaches (34ms)
			SetupLoadedEditorAssemblies (259ms)
				LogAssemblyErrors (0ms)
				InitializePlatformSupportModulesInManaged (12ms)
				SetLoadedEditorAssemblies (1ms)
				RefreshPlugins (0ms)
				BeforeProcessingInitializeOnLoad (39ms)
				ProcessInitializeOnLoadAttributes (175ms)
				ProcessInitializeOnLoadMethodAttributes (27ms)
				AfterProcessingInitializeOnLoad (5ms)
				EditorAssembliesLoaded (0ms)
			ExecutionOrderSort2 (0ms)
			AwakeInstancesAfterBackupRestoration (7ms)
Platform modules already initialized, skipping
Refreshing native plugins compatible for Editor in 1.06 ms, found 2 plugins.
Preloading 0 native plugins for Editor in 0.00 ms.
Unloading 1702 Unused Serialized files (Serialized files now loaded: 0)
Unloading 12 unused Assets / (24.7 KB). Loaded Objects now: 2193.
Memory consumption went from 73.3 MB to 73.3 MB.
Total: 2.079300 ms (FindLiveObjects: 0.128400 ms CreateObjectMapping: 0.049700 ms MarkObjects: 1.879700 ms  DeleteObjects: 0.020100 ms)

AssetImportParameters requested are different than current active one (requested -> active):
  custom:video-decoder-ogg-theora: a1e56fd34408186e4bbccfd4996cb3dc -> 
  custom:container-muxer-webm: aa71ff27fc2769a1b78a27578f13a17b -> 
  custom:container-demuxer-webm: 4f35f7cbe854078d1ac9338744f61a02 -> 
  custom:video-encoder-webm-vp8: eb34c28f22e8b96e1ab97ce403110664 -> 
  custom:audio-encoder-webm-vorbis: bf7c407c2cedff20999df2af8eb42d56 -> 
  custom:framework-win-MediaFoundation: 216162199b28c13a410421893ffa2e32 -> 
  custom:container-demuxer-ogg: 62fdf1f143b41e24485cea50d1cbac27 -> 
  custom:video-decoder-webm-vp8: 9c59270c3fd7afecdb556c50c9e8de78 -> 
  custom:audio-decoder-ogg-vorbis: bf7c407c2cedff20999df2af8eb42d56 -> 
========================================================================
Received Import Request.
  Time since last request: 65.391552 seconds.
  path: Assets/OtherGame/PScripts/Card.cs
  artifactKey: Guid(929eace51165b00409894240951da3a9) Importer(815301076,1909f56bfc062723c751e8b465ee728b)
Start importing Assets/OtherGame/PScripts/Card.cs using Guid(929eace51165b00409894240951da3a9) Importer(815301076,1909f56bfc062723c751e8b465ee728b)  -> (artifact id: '03ed51b23664bb45c0df9d389354d3b7') in 0.004586 seconds 
